<?xml version="1.0" encoding="UTF-8"?>
<testsuite name="com.bridgelabz_quantity_measurement.QuantityMeasurementTest" tests="88" skipped="0" failures="0" errors="0" timestamp="2021-09-24T03:46:02" hostname="DESKTOP-U9VT6NQ" time="1.049">
  <properties/>
  <testcase name="given1TonAnd1000Kg_ShouldReturnEquals()" classname="com.bridgelabz_quantity_measurement.QuantityMeasurementTest" time="0.058"/>
  <testcase name="givenReferenceCheckForCentigrade_ShouldReturnEquals()" classname="com.bridgelabz_quantity_measurement.QuantityMeasurementTest" time="0.008"/>
  <testcase name="given1KgAnd1000Gram_ShouldReturnEquals()" classname="com.bridgelabz_quantity_measurement.QuantityMeasurementTest" time="0.002"/>
  <testcase name="givenAdditionOf2InchAnd3Centimeter_ShouldReturn3Inch()" classname="com.bridgelabz_quantity_measurement.QuantityMeasurementTest" time="0.007"/>
  <testcase name="given0YardAnd1Yard_ShouldReturnNotEqual()" classname="com.bridgelabz_quantity_measurement.QuantityMeasurementTest" time="0.005"/>
  <testcase name="given0FahrenheitAnd0Fahrenheit_ShouldReturnEquals()" classname="com.bridgelabz_quantity_measurement.QuantityMeasurementTest" time="0.045"/>
  <testcase name="given0CentigradeAnd0Centigrade_ShouldReturnEquals()" classname="com.bridgelabz_quantity_measurement.QuantityMeasurementTest" time="0.004"/>
  <testcase name="given0CentimeterAnd1Centimeter_ShouldReturnNotEqual()" classname="com.bridgelabz_quantity_measurement.QuantityMeasurementTest" time="0.002"/>
  <testcase name="given0FeetAndNullValue_ShouldReturnNotEqual()" classname="com.bridgelabz_quantity_measurement.QuantityMeasurementTest" time="0.002"/>
  <testcase name="given1InchAnd1Centimeter_ShouldReturnNotEqualLength()" classname="com.bridgelabz_quantity_measurement.QuantityMeasurementTest" time="0.005"/>
  <testcase name="givenTypeCheckForFahrenheit_ShouldReturnEquals()" classname="com.bridgelabz_quantity_measurement.QuantityMeasurementTest" time="0.009"/>
  <testcase name="given0InchAnd0Inch_ShouldReturnEqual()" classname="com.bridgelabz_quantity_measurement.QuantityMeasurementTest" time="0.002"/>
  <testcase name="given0LitreAnd1Litre_ShouldReturnNotEqual()" classname="com.bridgelabz_quantity_measurement.QuantityMeasurementTest" time="0.005"/>
  <testcase name="given0InchAnd1Inch_ShouldReturnNotEqual()" classname="com.bridgelabz_quantity_measurement.QuantityMeasurementTest" time="0.002"/>
  <testcase name="given0CentimeterAnd0Centimeter_ShouldReturnEqual()" classname="com.bridgelabz_quantity_measurement.QuantityMeasurementTest" time="0.004"/>
  <testcase name="given1FeetAnd1Inch_ShouldReturnNotEqualLength()" classname="com.bridgelabz_quantity_measurement.QuantityMeasurementTest" time="0.0"/>
  <testcase name="givenTypeCheckForMl_ShouldReturnEquals()" classname="com.bridgelabz_quantity_measurement.QuantityMeasurementTest" time="0.0"/>
  <testcase name="givenReferenceCheckForFahrenheit_ShouldReturnEquals()" classname="com.bridgelabz_quantity_measurement.QuantityMeasurementTest" time="0.003"/>
  <testcase name="given0FeetAnd0Inch_ShouldReturnEqualLength()" classname="com.bridgelabz_quantity_measurement.QuantityMeasurementTest" time="0.001"/>
  <testcase name="givenTypeCheckForYard_ShouldReturnEquals()" classname="com.bridgelabz_quantity_measurement.QuantityMeasurementTest" time="0.001"/>
  <testcase name="given0CentigradeAndNullValue_ShouldReturnNotEquals()" classname="com.bridgelabz_quantity_measurement.QuantityMeasurementTest" time="0.001"/>
  <testcase name="givenTypeCheckForLitre_ShouldReturnEquals()" classname="com.bridgelabz_quantity_measurement.QuantityMeasurementTest" time="0.001"/>
  <testcase name="given0InchAnd0Centimeter_ShouldReturnEqualLength()" classname="com.bridgelabz_quantity_measurement.QuantityMeasurementTest" time="0.005"/>
  <testcase name="givenAdditionOf1FeetAnd2Inch_ShouldReturn14Inch()" classname="com.bridgelabz_quantity_measurement.QuantityMeasurementTest" time="0.001"/>
  <testcase name="givenTypeCheckForGram_ShouldReturnEquals()" classname="com.bridgelabz_quantity_measurement.QuantityMeasurementTest" time="0.003"/>
  <testcase name="givenAdditionOf1000MlAnd1Litre_ShouldReturn2Litre()" classname="com.bridgelabz_quantity_measurement.QuantityMeasurementTest" time="0.004"/>
  <testcase name="given3FeetAnd1Yard_ShouldReturnTrue()" classname="com.bridgelabz_quantity_measurement.QuantityMeasurementTest" time="0.001"/>
  <testcase name="given0GallonAnd1Gallon_ShouldReturnNotEqual()" classname="com.bridgelabz_quantity_measurement.QuantityMeasurementTest" time="0.0"/>
  <testcase name="given1GallonAnd4Litre_ShouldReturnTrue()" classname="com.bridgelabz_quantity_measurement.QuantityMeasurementTest" time="0.001"/>
  <testcase name="given0CentimeterAnd1CentimeterNullValue_ShouldReturnNotEqual()" classname="com.bridgelabz_quantity_measurement.QuantityMeasurementTest" time="0.005"/>
  <testcase name="given0InchAnd1InchNullValue_ShouldReturnNotEqual()" classname="com.bridgelabz_quantity_measurement.QuantityMeasurementTest" time="0.001"/>
  <testcase name="givenTypeCheckForInch_ShouldReturnEquals()" classname="com.bridgelabz_quantity_measurement.QuantityMeasurementTest" time="0.001"/>
  <testcase name="givenReferenceCheckForLitre_ShouldReturnEqual()" classname="com.bridgelabz_quantity_measurement.QuantityMeasurementTest" time="0.0"/>
  <testcase name="given1FeetAnd1Inch_ShouldReturnNotEquals()" classname="com.bridgelabz_quantity_measurement.QuantityMeasurementTest" time="0.002"/>
  <testcase name="given1YardAnd36Inch_ShouldReturnTrue()" classname="com.bridgelabz_quantity_measurement.QuantityMeasurementTest" time="0.001"/>
  <testcase name="given1GallonAnd1Litre_ShouldReturnNotEqualLength()" classname="com.bridgelabz_quantity_measurement.QuantityMeasurementTest" time="0.001"/>
  <testcase name="givenAdditionOf1GallonAnd4Litre_ShouldReturn8Litre()" classname="com.bridgelabz_quantity_measurement.QuantityMeasurementTest" time="0.004"/>
  <testcase name="given0KgAnd0Kg_ShouldReturnEqual()" classname="com.bridgelabz_quantity_measurement.QuantityMeasurementTest" time="0.003"/>
  <testcase name="given0KgAnd1Kg_ShouldReturnNotEqual()" classname="com.bridgelabz_quantity_measurement.QuantityMeasurementTest" time="0.004"/>
  <testcase name="given0TonAnd0Ton_ShouldReturnEquals()" classname="com.bridgelabz_quantity_measurement.QuantityMeasurementTest" time="0.003"/>
  <testcase name="givenReferenceCheckForTon_ShouldReturnEquals()" classname="com.bridgelabz_quantity_measurement.QuantityMeasurementTest" time="0.001"/>
  <testcase name="given0GramAnd1Gram_ShouldReturnNotEquals()" classname="com.bridgelabz_quantity_measurement.QuantityMeasurementTest" time="0.006"/>
  <testcase name="given0YardAnd0Yard_ShouldReturnEqual()" classname="com.bridgelabz_quantity_measurement.QuantityMeasurementTest" time="0.003"/>
  <testcase name="given0LitreAnd0Litre_ShouldReturnEqual()" classname="com.bridgelabz_quantity_measurement.QuantityMeasurementTest" time="0.005"/>
  <testcase name="given1YardAnd1Yard_WhenCompared_ShouldReturnEqualLength()" classname="com.bridgelabz_quantity_measurement.QuantityMeasurementTest" time="0.003"/>
  <testcase name="givenReferenceCheckForInch_ShouldReturnEqual()" classname="com.bridgelabz_quantity_measurement.QuantityMeasurementTest" time="0.003"/>
  <testcase name="given0GallonAnd0Gallon_ShouldReturnEqual()" classname="com.bridgelabz_quantity_measurement.QuantityMeasurementTest" time="0.002"/>
  <testcase name="givenTypeCheckForTon_ShouldReturnEquals()" classname="com.bridgelabz_quantity_measurement.QuantityMeasurementTest" time="0.001"/>
  <testcase name="given0LitreAndNullValue_ShouldReturnNotEqual()" classname="com.bridgelabz_quantity_measurement.QuantityMeasurementTest" time="0.004"/>
  <testcase name="givenTypeCheckForKg_ShouldReturnEquals()" classname="com.bridgelabz_quantity_measurement.QuantityMeasurementTest" time="0.002"/>
  <testcase name="given0FeetAnd1Feet_ShouldReturnNotEqual()" classname="com.bridgelabz_quantity_measurement.QuantityMeasurementTest" time="0.001"/>
  <testcase name="givenReferenceCheckForCentimeter_ShouldReturnEqual()" classname="com.bridgelabz_quantity_measurement.QuantityMeasurementTest" time="0.003"/>
  <testcase name="givenReferenceCheckForYard_ShouldReturnEqual()" classname="com.bridgelabz_quantity_measurement.QuantityMeasurementTest" time="0.001"/>
  <testcase name="given0MlAnd1Ml_ShouldReturnNotEqual()" classname="com.bridgelabz_quantity_measurement.QuantityMeasurementTest" time="0.003"/>
  <testcase name="given100CentigradeAnd212Fahrenheit_ShouldReturnEqual()" classname="com.bridgelabz_quantity_measurement.QuantityMeasurementTest" time="0.002"/>
  <testcase name="given1FeetAnd12Inch_ShouldReturnTrue()" classname="com.bridgelabz_quantity_measurement.QuantityMeasurementTest" time="0.005"/>
  <testcase name="given0FahrenheitAndNullValue_ShouldReturnNotEquals()" classname="com.bridgelabz_quantity_measurement.QuantityMeasurementTest" time="0.002"/>
  <testcase name="given1YardAnd1Feet_ShouldReturnNotEqualLength()" classname="com.bridgelabz_quantity_measurement.QuantityMeasurementTest" time="0.005"/>
  <testcase name="givenAdditionOf1FeetAnd1Feet_ShouldReturn24Inch()" classname="com.bridgelabz_quantity_measurement.QuantityMeasurementTest" time="0.003"/>
  <testcase name="given0TonAnd1Ton_ShouldReturnNotEquals()" classname="com.bridgelabz_quantity_measurement.QuantityMeasurementTest" time="0.004"/>
  <testcase name="given0FeetAnd0Feet_ShouldReturnEqual()" classname="com.bridgelabz_quantity_measurement.QuantityMeasurementTest" time="0.004"/>
  <testcase name="givenTypeCheckForFeet_ShouldReturnEquals()" classname="com.bridgelabz_quantity_measurement.QuantityMeasurementTest" time="0.001"/>
  <testcase name="givenReferenceCheckForMl_ShouldReturnEqual()" classname="com.bridgelabz_quantity_measurement.QuantityMeasurementTest" time="0.007"/>
  <testcase name="given0YardAnd1YardNullValue_ShouldReturnNotEqual()" classname="com.bridgelabz_quantity_measurement.QuantityMeasurementTest" time="0.002"/>
  <testcase name="given1GallonAnd1Gallon_ShouldReturnNotEqualLength()" classname="com.bridgelabz_quantity_measurement.QuantityMeasurementTest" time="0.001"/>
  <testcase name="givenReferenceCheckForGram_ShouldReturnEquals()" classname="com.bridgelabz_quantity_measurement.QuantityMeasurementTest" time="0.003"/>
  <testcase name="given1TonAnd1000Gram_ShouldReturn1001Kg()" classname="com.bridgelabz_quantity_measurement.QuantityMeasurementTest" time="0.001"/>
  <testcase name="given0MlAnd0Ml_ShouldReturnEqual()" classname="com.bridgelabz_quantity_measurement.QuantityMeasurementTest" time="0.001"/>
  <testcase name="givenReferenceCheckForGallon_ShouldReturnEqual()" classname="com.bridgelabz_quantity_measurement.QuantityMeasurementTest" time="0.001"/>
  <testcase name="givenAdditionOf2InchAnd2Inch_ShouldReturn4Inch()" classname="com.bridgelabz_quantity_measurement.QuantityMeasurementTest" time="0.003"/>
  <testcase name="given0YardAnd0Feet_ShouldReturnEqualLength()" classname="com.bridgelabz_quantity_measurement.QuantityMeasurementTest" time="0.002"/>
  <testcase name="given0MlAndNullValue_ShouldReturnNotEqual()" classname="com.bridgelabz_quantity_measurement.QuantityMeasurementTest" time="0.001"/>
  <testcase name="given1InchAnd1Inch_WhenCompared_ShouldReturnEqualLength()" classname="com.bridgelabz_quantity_measurement.QuantityMeasurementTest" time="0.005"/>
  <testcase name="given0KgAndNullValue_ShouldReturnNotEqual()" classname="com.bridgelabz_quantity_measurement.QuantityMeasurementTest" time="0.003"/>
  <testcase name="given0GallonAndNullValue_ShouldReturnNotEqual()" classname="com.bridgelabz_quantity_measurement.QuantityMeasurementTest" time="0.005"/>
  <testcase name="given1FeetAnd1Feet_WhenCompared_ShouldReturnEqualLength()" classname="com.bridgelabz_quantity_measurement.QuantityMeasurementTest" time="0.002"/>
  <testcase name="given0FahrenheitAnd1Fahrenheit_ShouldReturnNotEquals()" classname="com.bridgelabz_quantity_measurement.QuantityMeasurementTest" time="0.004"/>
  <testcase name="givenTypeCheckForCentimeter_ShouldReturnEquals()" classname="com.bridgelabz_quantity_measurement.QuantityMeasurementTest" time="0.001"/>
  <testcase name="given0GallonAnd0Litre_ShouldReturnEqualLength()" classname="com.bridgelabz_quantity_measurement.QuantityMeasurementTest" time="0.001"/>
  <testcase name="given0GramAndNullValue_ShouldReturnNotEquals()" classname="com.bridgelabz_quantity_measurement.QuantityMeasurementTest" time="0.001"/>
  <testcase name="given0GramAnd0Gram_ShouldReturnEquals()" classname="com.bridgelabz_quantity_measurement.QuantityMeasurementTest" time="0.014"/>
  <testcase name="givenReferenceCheckForKg_ShouldReturnEqual()" classname="com.bridgelabz_quantity_measurement.QuantityMeasurementTest" time="0.001"/>
  <testcase name="given2InchAnd5Centimeter_ShouldReturnTrue()" classname="com.bridgelabz_quantity_measurement.QuantityMeasurementTest" time="0.002"/>
  <testcase name="givenReferenceCheckForFeet_ShouldReturnEqual()" classname="com.bridgelabz_quantity_measurement.QuantityMeasurementTest" time="0.001"/>
  <testcase name="given0CentigradeAnd1Centigrade_ShouldReturnNotEquals()" classname="com.bridgelabz_quantity_measurement.QuantityMeasurementTest" time="0.001"/>
  <testcase name="givenTypeCheckForCentigrade_ShouldReturnEquals()" classname="com.bridgelabz_quantity_measurement.QuantityMeasurementTest" time="0.001"/>
  <testcase name="given0TonAndNullValue_ShouldReturnNotEquals()" classname="com.bridgelabz_quantity_measurement.QuantityMeasurementTest" time="0.0"/>
  <testcase name="givenTypeCheckForGallon_ShouldReturnEquals()" classname="com.bridgelabz_quantity_measurement.QuantityMeasurementTest" time="0.002"/>
  <system-out><![CDATA[]]></system-out>
  <system-err><![CDATA[]]></system-err>
</testsuite>
