<?xml version="1.0" encoding="UTF-8"?>
<testsuite name="com.bridgelabz_quantity_measurement.QuantityMeasurementTest" tests="1" skipped="0" failures="0" errors="0" timestamp="2021-09-23T19:33:58" hostname="DESKTOP-U9VT6NQ" time="0.093">
  <properties/>
  <testcase name="given1TonAnd1000Kg_ShouldReturnEquals()" classname="com.bridgelabz_quantity_measurement.QuantityMeasurementTest" time="0.093"/>
  <system-out><![CDATA[]]></system-out>
  <system-err><![CDATA[]]></system-err>
</testsuite>
