<?xml version="1.0" encoding="UTF-8"?>
<testsuite name="com.bridgelabz_quantity_measurement.QuantityMeasurementTest" tests="11" skipped="0" failures="0" errors="0" timestamp="2021-09-21T15:33:30" hostname="DESKTOP-U9VT6NQ" time="0.287">
  <properties/>
  <testcase name="given0InchAnd0Inch_ShouldReturnEqual()" classname="com.bridgelabz_quantity_measurement.QuantityMeasurementTest" time="0.083"/>
  <testcase name="given0InchAnd1Inch_ShouldReturnNotEqual()" classname="com.bridgelabz_quantity_measurement.QuantityMeasurementTest" time="0.009"/>
  <testcase name="given0FeetAnd1FeetNullValue_ShouldReturnNotEqual()" classname="com.bridgelabz_quantity_measurement.QuantityMeasurementTest" time="0.011"/>
  <testcase name="given0InchAnd1InchNullValue_ShouldReturnNotEqual()" classname="com.bridgelabz_quantity_measurement.QuantityMeasurementTest" time="0.008"/>
  <testcase name="givenTypeCheckForInch_ShouldReturnEquals()" classname="com.bridgelabz_quantity_measurement.QuantityMeasurementTest" time="0.005"/>
  <testcase name="givenReferenceCheckForInch_ShouldReturnEqual()" classname="com.bridgelabz_quantity_measurement.QuantityMeasurementTest" time="0.004"/>
  <testcase name="given0FeetAnd1Feet_ShouldReturnNotEqual()" classname="com.bridgelabz_quantity_measurement.QuantityMeasurementTest" time="0.005"/>
  <testcase name="given1FeetAnd12Inch_ShouldReturnTrue()" classname="com.bridgelabz_quantity_measurement.QuantityMeasurementTest" time="0.014"/>
  <testcase name="given0FeetAnd0Feet_ShouldReturnEqual()" classname="com.bridgelabz_quantity_measurement.QuantityMeasurementTest" time="0.008"/>
  <testcase name="givenTypeCheckForFeet_ShouldReturnEquals()" classname="com.bridgelabz_quantity_measurement.QuantityMeasurementTest" time="0.005"/>
  <testcase name="givenReferenceCheckForFeet_ShouldReturnEqual()" classname="com.bridgelabz_quantity_measurement.QuantityMeasurementTest" time="0.043"/>
  <system-out><![CDATA[]]></system-out>
  <system-err><![CDATA[]]></system-err>
</testsuite>
