<?xml version="1.0" encoding="UTF-8"?>
<testsuite name="com.bridgelabz_quantity_measurement.QuantityMeasurementTest" tests="1" skipped="0" failures="0" errors="0" timestamp="2021-09-23T19:44:08" hostname="DESKTOP-U9VT6NQ" time="0.074">
  <properties/>
  <testcase name="given1TonAnd1000Gram_ShouldReturn1001Kg()" classname="com.bridgelabz_quantity_measurement.QuantityMeasurementTest" time="0.074"/>
  <system-out><![CDATA[]]></system-out>
  <system-err><![CDATA[]]></system-err>
</testsuite>
