<?xml version="1.0" encoding="UTF-8"?>
<testsuite name="com.bridgelabz_quantity_measurement.QuantityMeasurementTest" tests="16" skipped="0" failures="0" errors="0" timestamp="2021-09-21T17:10:58" hostname="DESKTOP-U9VT6NQ" time="0.285">
  <properties/>
  <testcase name="given0YardAnd1Yard_ShouldReturnNotEqual()" classname="com.bridgelabz_quantity_measurement.QuantityMeasurementTest" time="0.094"/>
  <testcase name="given0InchAnd0Inch_ShouldReturnEqual()" classname="com.bridgelabz_quantity_measurement.QuantityMeasurementTest" time="0.018"/>
  <testcase name="given0InchAnd1Inch_ShouldReturnNotEqual()" classname="com.bridgelabz_quantity_measurement.QuantityMeasurementTest" time="0.007"/>
  <testcase name="givenTypeCheckForYard_ShouldReturnEquals()" classname="com.bridgelabz_quantity_measurement.QuantityMeasurementTest" time="0.005"/>
  <testcase name="given0FeetAnd1FeetNullValue_ShouldReturnNotEqual()" classname="com.bridgelabz_quantity_measurement.QuantityMeasurementTest" time="0.006"/>
  <testcase name="given0InchAnd1InchNullValue_ShouldReturnNotEqual()" classname="com.bridgelabz_quantity_measurement.QuantityMeasurementTest" time="0.002"/>
  <testcase name="givenTypeCheckForInch_ShouldReturnEquals()" classname="com.bridgelabz_quantity_measurement.QuantityMeasurementTest" time="0.003"/>
  <testcase name="given0YardAnd0Yard_ShouldReturnEqual()" classname="com.bridgelabz_quantity_measurement.QuantityMeasurementTest" time="0.002"/>
  <testcase name="givenReferenceCheckForInch_ShouldReturnEqual()" classname="com.bridgelabz_quantity_measurement.QuantityMeasurementTest" time="0.014"/>
  <testcase name="given0FeetAnd1Feet_ShouldReturnNotEqual()" classname="com.bridgelabz_quantity_measurement.QuantityMeasurementTest" time="0.001"/>
  <testcase name="givenReferenceCheckForYard_ShouldReturnEqual()" classname="com.bridgelabz_quantity_measurement.QuantityMeasurementTest" time="0.014"/>
  <testcase name="given1FeetAnd12Inch_ShouldReturnTrue()" classname="com.bridgelabz_quantity_measurement.QuantityMeasurementTest" time="0.007"/>
  <testcase name="given0FeetAnd0Feet_ShouldReturnEqual()" classname="com.bridgelabz_quantity_measurement.QuantityMeasurementTest" time="0.005"/>
  <testcase name="givenTypeCheckForFeet_ShouldReturnEquals()" classname="com.bridgelabz_quantity_measurement.QuantityMeasurementTest" time="0.013"/>
  <testcase name="given0YardAnd1YardNullValue_ShouldReturnNotEqual()" classname="com.bridgelabz_quantity_measurement.QuantityMeasurementTest" time="0.013"/>
  <testcase name="givenReferenceCheckForFeet_ShouldReturnEqual()" classname="com.bridgelabz_quantity_measurement.QuantityMeasurementTest" time="0.004"/>
  <system-out><![CDATA[]]></system-out>
  <system-err><![CDATA[]]></system-err>
</testsuite>
