<?xml version="1.0" encoding="UTF-8"?>
<testsuite name="com.bridgelabz_quantity_measurement.QuantityMeasurementTest" tests="1" skipped="0" failures="0" errors="0" timestamp="2021-09-24T08:24:37" hostname="DESKTOP-U9VT6NQ" time="0.112">
  <properties/>
  <testcase name="given1LiterAnd1000MilliLiter_WhenAdded_ShouldReturn2Liter()" classname="com.bridgelabz_quantity_measurement.QuantityMeasurementTest" time="0.112"/>
  <system-out><![CDATA[]]></system-out>
  <system-err><![CDATA[]]></system-err>
</testsuite>
