<?xml version="1.0" encoding="UTF-8"?>
<testsuite name="com.bridgelabz_quantity_measurement.QuantityMeasurementTest" tests="1" skipped="0" failures="0" errors="0" timestamp="2021-09-24T07:45:29" hostname="DESKTOP-U9VT6NQ" time="0.098">
  <properties/>
  <testcase name="given2Inch2$5Cm_WhenAdded_ShouldReturn3Inch()" classname="com.bridgelabz_quantity_measurement.QuantityMeasurementTest" time="0.098"/>
  <system-out><![CDATA[]]></system-out>
  <system-err><![CDATA[]]></system-err>
</testsuite>
